2022-06-20 02:40:18 Error: [Cake\Routing\Exception\MissingControllerException] Controller class Css could not be found. (C:\wamp64\www\crud2\vendor\cakephp\cakephp\src\Http\ControllerFactory.php:105)
Exception Attributes: array (
  'class' => 'Css',
  'plugin' => false,
  'prefix' => false,
  '_ext' => false,
)
#0 C:\wamp64\www\crud2\vendor\cakephp\cakephp\src\Http\ControllerFactory.php(39): Cake\Http\ControllerFactory->missingController(Object(Cake\Http\ServerRequest))
#1 C:\wamp64\www\crud2\vendor\cakephp\cakephp\src\Http\ActionDispatcher.php(91): Cake\Http\ControllerFactory->create(Object(Cake\Http\ServerRequest), Object(Cake\Http\Response))
#2 C:\wamp64\www\crud2\vendor\cakephp\cakephp\src\Http\BaseApplication.php(256): Cake\Http\ActionDispatcher->dispatch(Object(Cake\Http\ServerRequest), Object(Cake\Http\Response))
#3 C:\wamp64\www\crud2\vendor\cakephp\cakephp\src\Http\Runner.php(65): Cake\Http\BaseApplication->__invoke(Object(Cake\Http\ServerRequest), Object(Cake\Http\Response), Object(Cake\Http\Runner))
#4 C:\wamp64\www\crud2\vendor\cakephp\cakephp\src\Http\Runner.php(65): Cake\Http\Runner->__invoke(Object(Cake\Http\ServerRequest), Object(Cake\Http\Response), Object(Cake\Http\Runner))
#5 C:\wamp64\www\crud2\vendor\cakephp\cakephp\src\Http\Middleware\CsrfProtectionMiddleware.php(137): Cake\Http\Runner->__invoke(Object(Cake\Http\ServerRequest), Object(Cake\Http\Response))
#6 C:\wamp64\www\crud2\vendor\cakephp\cakephp\src\Http\Runner.php(65): Cake\Http\Middleware\CsrfProtectionMiddleware->__invoke(Object(Cake\Http\ServerRequest), Object(Cake\Http\Response), Object(Cake\Http\Runner))
#7 C:\wamp64\www\crud2\vendor\cakephp\cakephp\src\Http\Runner.php(51): Cake\Http\Runner->__invoke(Object(Cake\Http\ServerRequest), Object(Cake\Http\Response))
#8 C:\wamp64\www\crud2\vendor\cakephp\cakephp\src\Routing\Middleware\RoutingMiddleware.php(170): Cake\Http\Runner->run(Object(Cake\Http\MiddlewareQueue), Object(Cake\Http\ServerRequest), Object(Cake\Http\Response))
#9 C:\wamp64\www\crud2\vendor\cakephp\cakephp\src\Http\Runner.php(65): Cake\Routing\Middleware\RoutingMiddleware->__invoke(Object(Cake\Http\ServerRequest), Object(Cake\Http\Response), Object(Cake\Http\Runner))
#10 C:\wamp64\www\crud2\vendor\cakephp\cakephp\src\Routing\Middleware\AssetMiddleware.php(97): Cake\Http\Runner->__invoke(Object(Cake\Http\ServerRequest), Object(Cake\Http\Response))
#11 C:\wamp64\www\crud2\vendor\cakephp\cakephp\src\Http\Runner.php(65): Cake\Routing\Middleware\AssetMiddleware->__invoke(Object(Cake\Http\ServerRequest), Object(Cake\Http\Response), Object(Cake\Http\Runner))
#12 C:\wamp64\www\crud2\vendor\cakephp\cakephp\src\Error\Middleware\ErrorHandlerMiddleware.php(100): Cake\Http\Runner->__invoke(Object(Cake\Http\ServerRequest), Object(Cake\Http\Response))
#13 C:\wamp64\www\crud2\vendor\cakephp\cakephp\src\Http\Runner.php(65): Cake\Error\Middleware\ErrorHandlerMiddleware->__invoke(Object(Cake\Http\ServerRequest), Object(Cake\Http\Response), Object(Cake\Http\Runner))
#14 C:\wamp64\www\crud2\vendor\cakephp\debug_kit\src\Middleware\DebugKitMiddleware.php(53): Cake\Http\Runner->__invoke(Object(Cake\Http\ServerRequest), Object(Cake\Http\Response))
#15 C:\wamp64\www\crud2\vendor\cakephp\cakephp\src\Http\Runner.php(65): DebugKit\Middleware\DebugKitMiddleware->__invoke(Object(Cake\Http\ServerRequest), Object(Cake\Http\Response), Object(Cake\Http\Runner))
#16 C:\wamp64\www\crud2\vendor\cakephp\cakephp\src\Http\Runner.php(51): Cake\Http\Runner->__invoke(Object(Cake\Http\ServerRequest), Object(Cake\Http\Response))
#17 C:\wamp64\www\crud2\vendor\cakephp\cakephp\src\Http\Server.php(97): Cake\Http\Runner->run(Object(Cake\Http\MiddlewareQueue), Object(Cake\Http\ServerRequest), Object(Cake\Http\Response))
#18 C:\wamp64\www\crud2\webroot\index.php(40): Cake\Http\Server->run()
#19 {main}
Request URL: /css/normalize.min.css
Referer URL: http://localhost/crud2/


2022-06-20 02:40:18 Error: [Cake\Routing\Exception\MissingControllerException] Controller class Css could not be found. (C:\wamp64\www\crud2\vendor\cakephp\cakephp\src\Http\ControllerFactory.php:105)
Exception Attributes: array (
  'class' => 'Css',
  'plugin' => false,
  'prefix' => false,
  '_ext' => false,
)
#0 C:\wamp64\www\crud2\vendor\cakephp\cakephp\src\Http\ControllerFactory.php(39): Cake\Http\ControllerFactory->missingController(Object(Cake\Http\ServerRequest))
#1 C:\wamp64\www\crud2\vendor\cakephp\cakephp\src\Http\ActionDispatcher.php(91): Cake\Http\ControllerFactory->create(Object(Cake\Http\ServerRequest), Object(Cake\Http\Response))
#2 C:\wamp64\www\crud2\vendor\cakephp\cakephp\src\Http\BaseApplication.php(256): Cake\Http\ActionDispatcher->dispatch(Object(Cake\Http\ServerRequest), Object(Cake\Http\Response))
#3 C:\wamp64\www\crud2\vendor\cakephp\cakephp\src\Http\Runner.php(65): Cake\Http\BaseApplication->__invoke(Object(Cake\Http\ServerRequest), Object(Cake\Http\Response), Object(Cake\Http\Runner))
#4 C:\wamp64\www\crud2\vendor\cakephp\cakephp\src\Http\Runner.php(65): Cake\Http\Runner->__invoke(Object(Cake\Http\ServerRequest), Object(Cake\Http\Response), Object(Cake\Http\Runner))
#5 C:\wamp64\www\crud2\vendor\cakephp\cakephp\src\Http\Middleware\CsrfProtectionMiddleware.php(137): Cake\Http\Runner->__invoke(Object(Cake\Http\ServerRequest), Object(Cake\Http\Response))
#6 C:\wamp64\www\crud2\vendor\cakephp\cakephp\src\Http\Runner.php(65): Cake\Http\Middleware\CsrfProtectionMiddleware->__invoke(Object(Cake\Http\ServerRequest), Object(Cake\Http\Response), Object(Cake\Http\Runner))
#7 C:\wamp64\www\crud2\vendor\cakephp\cakephp\src\Http\Runner.php(51): Cake\Http\Runner->__invoke(Object(Cake\Http\ServerRequest), Object(Cake\Http\Response))
#8 C:\wamp64\www\crud2\vendor\cakephp\cakephp\src\Routing\Middleware\RoutingMiddleware.php(170): Cake\Http\Runner->run(Object(Cake\Http\MiddlewareQueue), Object(Cake\Http\ServerRequest), Object(Cake\Http\Response))
#9 C:\wamp64\www\crud2\vendor\cakephp\cakephp\src\Http\Runner.php(65): Cake\Routing\Middleware\RoutingMiddleware->__invoke(Object(Cake\Http\ServerRequest), Object(Cake\Http\Response), Object(Cake\Http\Runner))
#10 C:\wamp64\www\crud2\vendor\cakephp\cakephp\src\Routing\Middleware\AssetMiddleware.php(97): Cake\Http\Runner->__invoke(Object(Cake\Http\ServerRequest), Object(Cake\Http\Response))
#11 C:\wamp64\www\crud2\vendor\cakephp\cakephp\src\Http\Runner.php(65): Cake\Routing\Middleware\AssetMiddleware->__invoke(Object(Cake\Http\ServerRequest), Object(Cake\Http\Response), Object(Cake\Http\Runner))
#12 C:\wamp64\www\crud2\vendor\cakephp\cakephp\src\Error\Middleware\ErrorHandlerMiddleware.php(100): Cake\Http\Runner->__invoke(Object(Cake\Http\ServerRequest), Object(Cake\Http\Response))
#13 C:\wamp64\www\crud2\vendor\cakephp\cakephp\src\Http\Runner.php(65): Cake\Error\Middleware\ErrorHandlerMiddleware->__invoke(Object(Cake\Http\ServerRequest), Object(Cake\Http\Response), Object(Cake\Http\Runner))
#14 C:\wamp64\www\crud2\vendor\cakephp\debug_kit\src\Middleware\DebugKitMiddleware.php(53): Cake\Http\Runner->__invoke(Object(Cake\Http\ServerRequest), Object(Cake\Http\Response))
#15 C:\wamp64\www\crud2\vendor\cakephp\cakephp\src\Http\Runner.php(65): DebugKit\Middleware\DebugKitMiddleware->__invoke(Object(Cake\Http\ServerRequest), Object(Cake\Http\Response), Object(Cake\Http\Runner))
#16 C:\wamp64\www\crud2\vendor\cakephp\cakephp\src\Http\Runner.php(51): Cake\Http\Runner->__invoke(Object(Cake\Http\ServerRequest), Object(Cake\Http\Response))
#17 C:\wamp64\www\crud2\vendor\cakephp\cakephp\src\Http\Server.php(97): Cake\Http\Runner->run(Object(Cake\Http\MiddlewareQueue), Object(Cake\Http\ServerRequest), Object(Cake\Http\Response))
#18 C:\wamp64\www\crud2\webroot\index.php(40): Cake\Http\Server->run()
#19 {main}
Request URL: /css/milligram.min.css
Referer URL: http://localhost/crud2/


2022-06-20 02:40:18 Error: [Cake\Routing\Exception\MissingControllerException] Controller class Css could not be found. (C:\wamp64\www\crud2\vendor\cakephp\cakephp\src\Http\ControllerFactory.php:105)
Exception Attributes: array (
  'class' => 'Css',
  'plugin' => false,
  'prefix' => false,
  '_ext' => false,
)
#0 C:\wamp64\www\crud2\vendor\cakephp\cakephp\src\Http\ControllerFactory.php(39): Cake\Http\ControllerFactory->missingController(Object(Cake\Http\ServerRequest))
#1 C:\wamp64\www\crud2\vendor\cakephp\cakephp\src\Http\ActionDispatcher.php(91): Cake\Http\ControllerFactory->create(Object(Cake\Http\ServerRequest), Object(Cake\Http\Response))
#2 C:\wamp64\www\crud2\vendor\cakephp\cakephp\src\Http\BaseApplication.php(256): Cake\Http\ActionDispatcher->dispatch(Object(Cake\Http\ServerRequest), Object(Cake\Http\Response))
#3 C:\wamp64\www\crud2\vendor\cakephp\cakephp\src\Http\Runner.php(65): Cake\Http\BaseApplication->__invoke(Object(Cake\Http\ServerRequest), Object(Cake\Http\Response), Object(Cake\Http\Runner))
#4 C:\wamp64\www\crud2\vendor\cakephp\cakephp\src\Http\Runner.php(65): Cake\Http\Runner->__invoke(Object(Cake\Http\ServerRequest), Object(Cake\Http\Response), Object(Cake\Http\Runner))
#5 C:\wamp64\www\crud2\vendor\cakephp\cakephp\src\Http\Middleware\CsrfProtectionMiddleware.php(137): Cake\Http\Runner->__invoke(Object(Cake\Http\ServerRequest), Object(Cake\Http\Response))
#6 C:\wamp64\www\crud2\vendor\cakephp\cakephp\src\Http\Runner.php(65): Cake\Http\Middleware\CsrfProtectionMiddleware->__invoke(Object(Cake\Http\ServerRequest), Object(Cake\Http\Response), Object(Cake\Http\Runner))
#7 C:\wamp64\www\crud2\vendor\cakephp\cakephp\src\Http\Runner.php(51): Cake\Http\Runner->__invoke(Object(Cake\Http\ServerRequest), Object(Cake\Http\Response))
#8 C:\wamp64\www\crud2\vendor\cakephp\cakephp\src\Routing\Middleware\RoutingMiddleware.php(170): Cake\Http\Runner->run(Object(Cake\Http\MiddlewareQueue), Object(Cake\Http\ServerRequest), Object(Cake\Http\Response))
#9 C:\wamp64\www\crud2\vendor\cakephp\cakephp\src\Http\Runner.php(65): Cake\Routing\Middleware\RoutingMiddleware->__invoke(Object(Cake\Http\ServerRequest), Object(Cake\Http\Response), Object(Cake\Http\Runner))
#10 C:\wamp64\www\crud2\vendor\cakephp\cakephp\src\Routing\Middleware\AssetMiddleware.php(97): Cake\Http\Runner->__invoke(Object(Cake\Http\ServerRequest), Object(Cake\Http\Response))
#11 C:\wamp64\www\crud2\vendor\cakephp\cakephp\src\Http\Runner.php(65): Cake\Routing\Middleware\AssetMiddleware->__invoke(Object(Cake\Http\ServerRequest), Object(Cake\Http\Response), Object(Cake\Http\Runner))
#12 C:\wamp64\www\crud2\vendor\cakephp\cakephp\src\Error\Middleware\ErrorHandlerMiddleware.php(100): Cake\Http\Runner->__invoke(Object(Cake\Http\ServerRequest), Object(Cake\Http\Response))
#13 C:\wamp64\www\crud2\vendor\cakephp\cakephp\src\Http\Runner.php(65): Cake\Error\Middleware\ErrorHandlerMiddleware->__invoke(Object(Cake\Http\ServerRequest), Object(Cake\Http\Response), Object(Cake\Http\Runner))
#14 C:\wamp64\www\crud2\vendor\cakephp\debug_kit\src\Middleware\DebugKitMiddleware.php(53): Cake\Http\Runner->__invoke(Object(Cake\Http\ServerRequest), Object(Cake\Http\Response))
#15 C:\wamp64\www\crud2\vendor\cakephp\cakephp\src\Http\Runner.php(65): DebugKit\Middleware\DebugKitMiddleware->__invoke(Object(Cake\Http\ServerRequest), Object(Cake\Http\Response), Object(Cake\Http\Runner))
#16 C:\wamp64\www\crud2\vendor\cakephp\cakephp\src\Http\Runner.php(51): Cake\Http\Runner->__invoke(Object(Cake\Http\ServerRequest), Object(Cake\Http\Response))
#17 C:\wamp64\www\crud2\vendor\cakephp\cakephp\src\Http\Server.php(97): Cake\Http\Runner->run(Object(Cake\Http\MiddlewareQueue), Object(Cake\Http\ServerRequest), Object(Cake\Http\Response))
#18 C:\wamp64\www\crud2\webroot\index.php(40): Cake\Http\Server->run()
#19 {main}
Request URL: /css/cake.css
Referer URL: http://localhost/crud2/


2022-06-20 03:18:17 Error: [Error] Call to a member function has() on null (C:\wamp64\www\crud2\src\Template\Produtos\index.ctp:27)
#0 C:\wamp64\www\crud2\vendor\cakephp\cakephp\src\View\View.php(1435): include()
#1 C:\wamp64\www\crud2\vendor\cakephp\cakephp\src\View\View.php(1393): Cake\View\View->_evaluate('C:\\wamp64\\www\\c...', Array)
#2 C:\wamp64\www\crud2\vendor\cakephp\cakephp\src\View\View.php(892): Cake\View\View->_render('C:\\wamp64\\www\\c...')
#3 C:\wamp64\www\crud2\vendor\cakephp\cakephp\src\Controller\Controller.php(791): Cake\View\View->render(NULL, NULL)
#4 C:\wamp64\www\crud2\vendor\cakephp\cakephp\src\Http\ActionDispatcher.php(126): Cake\Controller\Controller->render()
#5 C:\wamp64\www\crud2\vendor\cakephp\cakephp\src\Http\ActionDispatcher.php(94): Cake\Http\ActionDispatcher->_invoke(Object(App\Controller\ProdutosController))
#6 C:\wamp64\www\crud2\vendor\cakephp\cakephp\src\Http\BaseApplication.php(256): Cake\Http\ActionDispatcher->dispatch(Object(Cake\Http\ServerRequest), Object(Cake\Http\Response))
#7 C:\wamp64\www\crud2\vendor\cakephp\cakephp\src\Http\Runner.php(65): Cake\Http\BaseApplication->__invoke(Object(Cake\Http\ServerRequest), Object(Cake\Http\Response), Object(Cake\Http\Runner))
#8 C:\wamp64\www\crud2\vendor\cakephp\cakephp\src\Http\Runner.php(65): Cake\Http\Runner->__invoke(Object(Cake\Http\ServerRequest), Object(Cake\Http\Response), Object(Cake\Http\Runner))
#9 C:\wamp64\www\crud2\vendor\cakephp\cakephp\src\Http\Middleware\CsrfProtectionMiddleware.php(137): Cake\Http\Runner->__invoke(Object(Cake\Http\ServerRequest), Object(Cake\Http\Response))
#10 C:\wamp64\www\crud2\vendor\cakephp\cakephp\src\Http\Runner.php(65): Cake\Http\Middleware\CsrfProtectionMiddleware->__invoke(Object(Cake\Http\ServerRequest), Object(Cake\Http\Response), Object(Cake\Http\Runner))
#11 C:\wamp64\www\crud2\vendor\cakephp\cakephp\src\Http\Runner.php(51): Cake\Http\Runner->__invoke(Object(Cake\Http\ServerRequest), Object(Cake\Http\Response))
#12 C:\wamp64\www\crud2\vendor\cakephp\cakephp\src\Routing\Middleware\RoutingMiddleware.php(170): Cake\Http\Runner->run(Object(Cake\Http\MiddlewareQueue), Object(Cake\Http\ServerRequest), Object(Cake\Http\Response))
#13 C:\wamp64\www\crud2\vendor\cakephp\cakephp\src\Http\Runner.php(65): Cake\Routing\Middleware\RoutingMiddleware->__invoke(Object(Cake\Http\ServerRequest), Object(Cake\Http\Response), Object(Cake\Http\Runner))
#14 C:\wamp64\www\crud2\vendor\cakephp\cakephp\src\Routing\Middleware\AssetMiddleware.php(88): Cake\Http\Runner->__invoke(Object(Cake\Http\ServerRequest), Object(Cake\Http\Response))
#15 C:\wamp64\www\crud2\vendor\cakephp\cakephp\src\Http\Runner.php(65): Cake\Routing\Middleware\AssetMiddleware->__invoke(Object(Cake\Http\ServerRequest), Object(Cake\Http\Response), Object(Cake\Http\Runner))
#16 C:\wamp64\www\crud2\vendor\cakephp\cakephp\src\Error\Middleware\ErrorHandlerMiddleware.php(100): Cake\Http\Runner->__invoke(Object(Cake\Http\ServerRequest), Object(Cake\Http\Response))
#17 C:\wamp64\www\crud2\vendor\cakephp\cakephp\src\Http\Runner.php(65): Cake\Error\Middleware\ErrorHandlerMiddleware->__invoke(Object(Cake\Http\ServerRequest), Object(Cake\Http\Response), Object(Cake\Http\Runner))
#18 C:\wamp64\www\crud2\vendor\cakephp\debug_kit\src\Middleware\DebugKitMiddleware.php(53): Cake\Http\Runner->__invoke(Object(Cake\Http\ServerRequest), Object(Cake\Http\Response))
#19 C:\wamp64\www\crud2\vendor\cakephp\cakephp\src\Http\Runner.php(65): DebugKit\Middleware\DebugKitMiddleware->__invoke(Object(Cake\Http\ServerRequest), Object(Cake\Http\Response), Object(Cake\Http\Runner))
#20 C:\wamp64\www\crud2\vendor\cakephp\cakephp\src\Http\Runner.php(51): Cake\Http\Runner->__invoke(Object(Cake\Http\ServerRequest), Object(Cake\Http\Response))
#21 C:\wamp64\www\crud2\vendor\cakephp\cakephp\src\Http\Server.php(97): Cake\Http\Runner->run(Object(Cake\Http\MiddlewareQueue), Object(Cake\Http\ServerRequest), Object(Cake\Http\Response))
#22 C:\wamp64\www\crud2\webroot\index.php(40): Cake\Http\Server->run()
#23 {main}
Request URL: /produtos
Referer URL: http://localhost/crud2/produtos/view/1


2022-06-20 04:02:28 Error: [Cake\Routing\Exception\MissingControllerException] Controller class Img_car.jpg could not be found. (C:\wamp64\www\crud2\vendor\cakephp\cakephp\src\Http\ControllerFactory.php:105)
Exception Attributes: array (
  'class' => 'Img_car.jpg',
  'plugin' => false,
  'prefix' => false,
  '_ext' => false,
)
#0 C:\wamp64\www\crud2\vendor\cakephp\cakephp\src\Http\ControllerFactory.php(90): Cake\Http\ControllerFactory->missingController(Object(Cake\Http\ServerRequest))
#1 C:\wamp64\www\crud2\vendor\cakephp\cakephp\src\Http\ControllerFactory.php(37): Cake\Http\ControllerFactory->getControllerClass(Object(Cake\Http\ServerRequest))
#2 C:\wamp64\www\crud2\vendor\cakephp\cakephp\src\Http\ActionDispatcher.php(91): Cake\Http\ControllerFactory->create(Object(Cake\Http\ServerRequest), Object(Cake\Http\Response))
#3 C:\wamp64\www\crud2\vendor\cakephp\cakephp\src\Http\BaseApplication.php(256): Cake\Http\ActionDispatcher->dispatch(Object(Cake\Http\ServerRequest), Object(Cake\Http\Response))
#4 C:\wamp64\www\crud2\vendor\cakephp\cakephp\src\Http\Runner.php(65): Cake\Http\BaseApplication->__invoke(Object(Cake\Http\ServerRequest), Object(Cake\Http\Response), Object(Cake\Http\Runner))
#5 C:\wamp64\www\crud2\vendor\cakephp\cakephp\src\Http\Runner.php(65): Cake\Http\Runner->__invoke(Object(Cake\Http\ServerRequest), Object(Cake\Http\Response), Object(Cake\Http\Runner))
#6 C:\wamp64\www\crud2\vendor\cakephp\cakephp\src\Http\Middleware\CsrfProtectionMiddleware.php(137): Cake\Http\Runner->__invoke(Object(Cake\Http\ServerRequest), Object(Cake\Http\Response))
#7 C:\wamp64\www\crud2\vendor\cakephp\cakephp\src\Http\Runner.php(65): Cake\Http\Middleware\CsrfProtectionMiddleware->__invoke(Object(Cake\Http\ServerRequest), Object(Cake\Http\Response), Object(Cake\Http\Runner))
#8 C:\wamp64\www\crud2\vendor\cakephp\cakephp\src\Http\Runner.php(51): Cake\Http\Runner->__invoke(Object(Cake\Http\ServerRequest), Object(Cake\Http\Response))
#9 C:\wamp64\www\crud2\vendor\cakephp\cakephp\src\Routing\Middleware\RoutingMiddleware.php(170): Cake\Http\Runner->run(Object(Cake\Http\MiddlewareQueue), Object(Cake\Http\ServerRequest), Object(Cake\Http\Response))
#10 C:\wamp64\www\crud2\vendor\cakephp\cakephp\src\Http\Runner.php(65): Cake\Routing\Middleware\RoutingMiddleware->__invoke(Object(Cake\Http\ServerRequest), Object(Cake\Http\Response), Object(Cake\Http\Runner))
#11 C:\wamp64\www\crud2\vendor\cakephp\cakephp\src\Routing\Middleware\AssetMiddleware.php(97): Cake\Http\Runner->__invoke(Object(Cake\Http\ServerRequest), Object(Cake\Http\Response))
#12 C:\wamp64\www\crud2\vendor\cakephp\cakephp\src\Http\Runner.php(65): Cake\Routing\Middleware\AssetMiddleware->__invoke(Object(Cake\Http\ServerRequest), Object(Cake\Http\Response), Object(Cake\Http\Runner))
#13 C:\wamp64\www\crud2\vendor\cakephp\cakephp\src\Error\Middleware\ErrorHandlerMiddleware.php(100): Cake\Http\Runner->__invoke(Object(Cake\Http\ServerRequest), Object(Cake\Http\Response))
#14 C:\wamp64\www\crud2\vendor\cakephp\cakephp\src\Http\Runner.php(65): Cake\Error\Middleware\ErrorHandlerMiddleware->__invoke(Object(Cake\Http\ServerRequest), Object(Cake\Http\Response), Object(Cake\Http\Runner))
#15 C:\wamp64\www\crud2\vendor\cakephp\debug_kit\src\Middleware\DebugKitMiddleware.php(53): Cake\Http\Runner->__invoke(Object(Cake\Http\ServerRequest), Object(Cake\Http\Response))
#16 C:\wamp64\www\crud2\vendor\cakephp\cakephp\src\Http\Runner.php(65): DebugKit\Middleware\DebugKitMiddleware->__invoke(Object(Cake\Http\ServerRequest), Object(Cake\Http\Response), Object(Cake\Http\Runner))
#17 C:\wamp64\www\crud2\vendor\cakephp\cakephp\src\Http\Runner.php(51): Cake\Http\Runner->__invoke(Object(Cake\Http\ServerRequest), Object(Cake\Http\Response))
#18 C:\wamp64\www\crud2\vendor\cakephp\cakephp\src\Http\Server.php(97): Cake\Http\Runner->run(Object(Cake\Http\MiddlewareQueue), Object(Cake\Http\ServerRequest), Object(Cake\Http\Response))
#19 C:\wamp64\www\crud2\webroot\index.php(40): Cake\Http\Server->run()
#20 {main}
Request URL: /img_car.jpg
Referer URL: http://localhost/crud2/produtos


2022-06-20 04:03:32 Error: [Cake\Routing\Exception\MissingControllerException] Controller class Img_car.jpg could not be found. (C:\wamp64\www\crud2\vendor\cakephp\cakephp\src\Http\ControllerFactory.php:105)
Exception Attributes: array (
  'class' => 'Img_car.jpg',
  'plugin' => false,
  'prefix' => false,
  '_ext' => false,
)
#0 C:\wamp64\www\crud2\vendor\cakephp\cakephp\src\Http\ControllerFactory.php(90): Cake\Http\ControllerFactory->missingController(Object(Cake\Http\ServerRequest))
#1 C:\wamp64\www\crud2\vendor\cakephp\cakephp\src\Http\ControllerFactory.php(37): Cake\Http\ControllerFactory->getControllerClass(Object(Cake\Http\ServerRequest))
#2 C:\wamp64\www\crud2\vendor\cakephp\cakephp\src\Http\ActionDispatcher.php(91): Cake\Http\ControllerFactory->create(Object(Cake\Http\ServerRequest), Object(Cake\Http\Response))
#3 C:\wamp64\www\crud2\vendor\cakephp\cakephp\src\Http\BaseApplication.php(256): Cake\Http\ActionDispatcher->dispatch(Object(Cake\Http\ServerRequest), Object(Cake\Http\Response))
#4 C:\wamp64\www\crud2\vendor\cakephp\cakephp\src\Http\Runner.php(65): Cake\Http\BaseApplication->__invoke(Object(Cake\Http\ServerRequest), Object(Cake\Http\Response), Object(Cake\Http\Runner))
#5 C:\wamp64\www\crud2\vendor\cakephp\cakephp\src\Http\Runner.php(65): Cake\Http\Runner->__invoke(Object(Cake\Http\ServerRequest), Object(Cake\Http\Response), Object(Cake\Http\Runner))
#6 C:\wamp64\www\crud2\vendor\cakephp\cakephp\src\Http\Middleware\CsrfProtectionMiddleware.php(137): Cake\Http\Runner->__invoke(Object(Cake\Http\ServerRequest), Object(Cake\Http\Response))
#7 C:\wamp64\www\crud2\vendor\cakephp\cakephp\src\Http\Runner.php(65): Cake\Http\Middleware\CsrfProtectionMiddleware->__invoke(Object(Cake\Http\ServerRequest), Object(Cake\Http\Response), Object(Cake\Http\Runner))
#8 C:\wamp64\www\crud2\vendor\cakephp\cakephp\src\Http\Runner.php(51): Cake\Http\Runner->__invoke(Object(Cake\Http\ServerRequest), Object(Cake\Http\Response))
#9 C:\wamp64\www\crud2\vendor\cakephp\cakephp\src\Routing\Middleware\RoutingMiddleware.php(170): Cake\Http\Runner->run(Object(Cake\Http\MiddlewareQueue), Object(Cake\Http\ServerRequest), Object(Cake\Http\Response))
#10 C:\wamp64\www\crud2\vendor\cakephp\cakephp\src\Http\Runner.php(65): Cake\Routing\Middleware\RoutingMiddleware->__invoke(Object(Cake\Http\ServerRequest), Object(Cake\Http\Response), Object(Cake\Http\Runner))
#11 C:\wamp64\www\crud2\vendor\cakephp\cakephp\src\Routing\Middleware\AssetMiddleware.php(97): Cake\Http\Runner->__invoke(Object(Cake\Http\ServerRequest), Object(Cake\Http\Response))
#12 C:\wamp64\www\crud2\vendor\cakephp\cakephp\src\Http\Runner.php(65): Cake\Routing\Middleware\AssetMiddleware->__invoke(Object(Cake\Http\ServerRequest), Object(Cake\Http\Response), Object(Cake\Http\Runner))
#13 C:\wamp64\www\crud2\vendor\cakephp\cakephp\src\Error\Middleware\ErrorHandlerMiddleware.php(100): Cake\Http\Runner->__invoke(Object(Cake\Http\ServerRequest), Object(Cake\Http\Response))
#14 C:\wamp64\www\crud2\vendor\cakephp\cakephp\src\Http\Runner.php(65): Cake\Error\Middleware\ErrorHandlerMiddleware->__invoke(Object(Cake\Http\ServerRequest), Object(Cake\Http\Response), Object(Cake\Http\Runner))
#15 C:\wamp64\www\crud2\vendor\cakephp\debug_kit\src\Middleware\DebugKitMiddleware.php(53): Cake\Http\Runner->__invoke(Object(Cake\Http\ServerRequest), Object(Cake\Http\Response))
#16 C:\wamp64\www\crud2\vendor\cakephp\cakephp\src\Http\Runner.php(65): DebugKit\Middleware\DebugKitMiddleware->__invoke(Object(Cake\Http\ServerRequest), Object(Cake\Http\Response), Object(Cake\Http\Runner))
#17 C:\wamp64\www\crud2\vendor\cakephp\cakephp\src\Http\Runner.php(51): Cake\Http\Runner->__invoke(Object(Cake\Http\ServerRequest), Object(Cake\Http\Response))
#18 C:\wamp64\www\crud2\vendor\cakephp\cakephp\src\Http\Server.php(97): Cake\Http\Runner->run(Object(Cake\Http\MiddlewareQueue), Object(Cake\Http\ServerRequest), Object(Cake\Http\Response))
#19 C:\wamp64\www\crud2\webroot\index.php(40): Cake\Http\Server->run()
#20 {main}
Request URL: /img_car.jpg
Referer URL: http://localhost/crud2/produtos


2022-06-20 05:57:17 Error: [InvalidArgumentException] Cannot convert value of type `string` to integer (C:\wamp64\www\crud2\vendor\cakephp\cakephp\src\Database\Type\IntegerType.php:64)
#0 C:\wamp64\www\crud2\vendor\cakephp\cakephp\src\Database\Type\IntegerType.php(84): Cake\Database\Type\IntegerType->checkNumeric('Fruta loucura')
#1 C:\wamp64\www\crud2\vendor\cakephp\cakephp\src\Database\TypeConverterTrait.php(36): Cake\Database\Type\IntegerType->toDatabase('Fruta loucura', Object(Cake\Database\Driver\Mysql))
#2 C:\wamp64\www\crud2\vendor\cakephp\cakephp\src\Database\Statement\PDOStatement.php(68): Cake\Database\Statement\StatementDecorator->cast('Fruta loucura', Object(Cake\Database\Type\IntegerType))
#3 C:\wamp64\www\crud2\vendor\cakephp\cakephp\src\Database\Statement\StatementDecorator.php(106): Cake\Database\Statement\PDOStatement->bindValue('c0', 'Fruta loucura', 'integer')
#4 C:\wamp64\www\crud2\vendor\cakephp\cakephp\src\Database\Log\LoggingStatement.php(97): Cake\Database\Statement\StatementDecorator->bindValue('c0', 'Fruta loucura', 'integer')
#5 C:\wamp64\www\crud2\vendor\cakephp\cakephp\src\Database\ValueBinder.php(146): Cake\Database\Log\LoggingStatement->bindValue('c0', 'Fruta loucura', 'integer')
#6 C:\wamp64\www\crud2\vendor\cakephp\cakephp\src\Database\Connection.php(341): Cake\Database\ValueBinder->attachTo(Object(Cake\Database\Log\LoggingStatement))
#7 C:\wamp64\www\crud2\vendor\cakephp\cakephp\src\Core\Retry\CommandRetry.php(67): Cake\Database\Connection->Cake\Database\{closure}()
#8 C:\wamp64\www\crud2\vendor\cakephp\cakephp\src\Database\Connection.php(345): Cake\Core\Retry\CommandRetry->run(Object(Closure))
#9 C:\wamp64\www\crud2\vendor\cakephp\cakephp\src\Database\Query.php(218): Cake\Database\Connection->run(Object(Cake\ORM\Query))
#10 C:\wamp64\www\crud2\vendor\cakephp\cakephp\src\ORM\Query.php(1155): Cake\Database\Query->execute()
#11 C:\wamp64\www\crud2\vendor\cakephp\cakephp\src\Datasource\QueryTrait.php(310): Cake\ORM\Query->_execute()
#12 C:\wamp64\www\crud2\vendor\cakephp\cakephp\src\ORM\Query.php(1099): Cake\ORM\Query->_all()
#13 C:\wamp64\www\crud2\vendor\cakephp\cakephp\src\Datasource\QueryTrait.php(472): Cake\ORM\Query->all()
#14 C:\wamp64\www\crud2\vendor\cakephp\cakephp\src\Datasource\QueryTrait.php(483): Cake\ORM\Query->first()
#15 C:\wamp64\www\crud2\vendor\cakephp\cakephp\src\ORM\Table.php(1656): Cake\ORM\Query->firstOrFail()
#16 C:\wamp64\www\crud2\src\Controller\FornecedoresProdutosController.php(37): Cake\ORM\Table->get(Array, Array)
#17 C:\wamp64\www\crud2\vendor\cakephp\cakephp\src\Controller\Controller.php(606): App\Controller\FornecedoresProdutosController->view('Fruta loucura')
#18 C:\wamp64\www\crud2\vendor\cakephp\cakephp\src\Http\ActionDispatcher.php(120): Cake\Controller\Controller->invokeAction()
#19 C:\wamp64\www\crud2\vendor\cakephp\cakephp\src\Http\ActionDispatcher.php(94): Cake\Http\ActionDispatcher->_invoke(Object(App\Controller\FornecedoresProdutosController))
#20 C:\wamp64\www\crud2\vendor\cakephp\cakephp\src\Http\BaseApplication.php(256): Cake\Http\ActionDispatcher->dispatch(Object(Cake\Http\ServerRequest), Object(Cake\Http\Response))
#21 C:\wamp64\www\crud2\vendor\cakephp\cakephp\src\Http\Runner.php(65): Cake\Http\BaseApplication->__invoke(Object(Cake\Http\ServerRequest), Object(Cake\Http\Response), Object(Cake\Http\Runner))
#22 C:\wamp64\www\crud2\vendor\cakephp\cakephp\src\Http\Runner.php(65): Cake\Http\Runner->__invoke(Object(Cake\Http\ServerRequest), Object(Cake\Http\Response), Object(Cake\Http\Runner))
#23 C:\wamp64\www\crud2\vendor\cakephp\cakephp\src\Http\Middleware\CsrfProtectionMiddleware.php(137): Cake\Http\Runner->__invoke(Object(Cake\Http\ServerRequest), Object(Cake\Http\Response))
#24 C:\wamp64\www\crud2\vendor\cakephp\cakephp\src\Http\Runner.php(65): Cake\Http\Middleware\CsrfProtectionMiddleware->__invoke(Object(Cake\Http\ServerRequest), Object(Cake\Http\Response), Object(Cake\Http\Runner))
#25 C:\wamp64\www\crud2\vendor\cakephp\cakephp\src\Http\Runner.php(51): Cake\Http\Runner->__invoke(Object(Cake\Http\ServerRequest), Object(Cake\Http\Response))
#26 C:\wamp64\www\crud2\vendor\cakephp\cakephp\src\Routing\Middleware\RoutingMiddleware.php(170): Cake\Http\Runner->run(Object(Cake\Http\MiddlewareQueue), Object(Cake\Http\ServerRequest), Object(Cake\Http\Response))
#27 C:\wamp64\www\crud2\vendor\cakephp\cakephp\src\Http\Runner.php(65): Cake\Routing\Middleware\RoutingMiddleware->__invoke(Object(Cake\Http\ServerRequest), Object(Cake\Http\Response), Object(Cake\Http\Runner))
#28 C:\wamp64\www\crud2\vendor\cakephp\cakephp\src\Routing\Middleware\AssetMiddleware.php(88): Cake\Http\Runner->__invoke(Object(Cake\Http\ServerRequest), Object(Cake\Http\Response))
#29 C:\wamp64\www\crud2\vendor\cakephp\cakephp\src\Http\Runner.php(65): Cake\Routing\Middleware\AssetMiddleware->__invoke(Object(Cake\Http\ServerRequest), Object(Cake\Http\Response), Object(Cake\Http\Runner))
#30 C:\wamp64\www\crud2\vendor\cakephp\cakephp\src\Error\Middleware\ErrorHandlerMiddleware.php(100): Cake\Http\Runner->__invoke(Object(Cake\Http\ServerRequest), Object(Cake\Http\Response))
#31 C:\wamp64\www\crud2\vendor\cakephp\cakephp\src\Http\Runner.php(65): Cake\Error\Middleware\ErrorHandlerMiddleware->__invoke(Object(Cake\Http\ServerRequest), Object(Cake\Http\Response), Object(Cake\Http\Runner))
#32 C:\wamp64\www\crud2\vendor\cakephp\debug_kit\src\Middleware\DebugKitMiddleware.php(53): Cake\Http\Runner->__invoke(Object(Cake\Http\ServerRequest), Object(Cake\Http\Response))
#33 C:\wamp64\www\crud2\vendor\cakephp\cakephp\src\Http\Runner.php(65): DebugKit\Middleware\DebugKitMiddleware->__invoke(Object(Cake\Http\ServerRequest), Object(Cake\Http\Response), Object(Cake\Http\Runner))
#34 C:\wamp64\www\crud2\vendor\cakephp\cakephp\src\Http\Runner.php(51): Cake\Http\Runner->__invoke(Object(Cake\Http\ServerRequest), Object(Cake\Http\Response))
#35 C:\wamp64\www\crud2\vendor\cakephp\cakephp\src\Http\Server.php(97): Cake\Http\Runner->run(Object(Cake\Http\MiddlewareQueue), Object(Cake\Http\ServerRequest), Object(Cake\Http\Response))
#36 C:\wamp64\www\crud2\webroot\index.php(40): Cake\Http\Server->run()
#37 {main}
Request URL: /fornecedores-produtos/view/Fruta%20loucura
Referer URL: http://localhost/crud2/produtos


2022-06-20 05:57:26 Error: [InvalidArgumentException] Cannot convert value of type `string` to integer (C:\wamp64\www\crud2\vendor\cakephp\cakephp\src\Database\Type\IntegerType.php:64)
#0 C:\wamp64\www\crud2\vendor\cakephp\cakephp\src\Database\Type\IntegerType.php(84): Cake\Database\Type\IntegerType->checkNumeric('Bebida')
#1 C:\wamp64\www\crud2\vendor\cakephp\cakephp\src\Database\TypeConverterTrait.php(36): Cake\Database\Type\IntegerType->toDatabase('Bebida', Object(Cake\Database\Driver\Mysql))
#2 C:\wamp64\www\crud2\vendor\cakephp\cakephp\src\Database\Statement\PDOStatement.php(68): Cake\Database\Statement\StatementDecorator->cast('Bebida', Object(Cake\Database\Type\IntegerType))
#3 C:\wamp64\www\crud2\vendor\cakephp\cakephp\src\Database\Statement\StatementDecorator.php(106): Cake\Database\Statement\PDOStatement->bindValue('c0', 'Bebida', 'integer')
#4 C:\wamp64\www\crud2\vendor\cakephp\cakephp\src\Database\Log\LoggingStatement.php(97): Cake\Database\Statement\StatementDecorator->bindValue('c0', 'Bebida', 'integer')
#5 C:\wamp64\www\crud2\vendor\cakephp\cakephp\src\Database\ValueBinder.php(146): Cake\Database\Log\LoggingStatement->bindValue('c0', 'Bebida', 'integer')
#6 C:\wamp64\www\crud2\vendor\cakephp\cakephp\src\Database\Connection.php(341): Cake\Database\ValueBinder->attachTo(Object(Cake\Database\Log\LoggingStatement))
#7 C:\wamp64\www\crud2\vendor\cakephp\cakephp\src\Core\Retry\CommandRetry.php(67): Cake\Database\Connection->Cake\Database\{closure}()
#8 C:\wamp64\www\crud2\vendor\cakephp\cakephp\src\Database\Connection.php(345): Cake\Core\Retry\CommandRetry->run(Object(Closure))
#9 C:\wamp64\www\crud2\vendor\cakephp\cakephp\src\Database\Query.php(218): Cake\Database\Connection->run(Object(Cake\ORM\Query))
#10 C:\wamp64\www\crud2\vendor\cakephp\cakephp\src\ORM\Query.php(1155): Cake\Database\Query->execute()
#11 C:\wamp64\www\crud2\vendor\cakephp\cakephp\src\Datasource\QueryTrait.php(310): Cake\ORM\Query->_execute()
#12 C:\wamp64\www\crud2\vendor\cakephp\cakephp\src\ORM\Query.php(1099): Cake\ORM\Query->_all()
#13 C:\wamp64\www\crud2\vendor\cakephp\cakephp\src\Datasource\QueryTrait.php(472): Cake\ORM\Query->all()
#14 C:\wamp64\www\crud2\vendor\cakephp\cakephp\src\Datasource\QueryTrait.php(483): Cake\ORM\Query->first()
#15 C:\wamp64\www\crud2\vendor\cakephp\cakephp\src\ORM\Table.php(1656): Cake\ORM\Query->firstOrFail()
#16 C:\wamp64\www\crud2\src\Controller\CategoriasProdutosController.php(37): Cake\ORM\Table->get(Array, Array)
#17 C:\wamp64\www\crud2\vendor\cakephp\cakephp\src\Controller\Controller.php(606): App\Controller\CategoriasProdutosController->view('Bebida')
#18 C:\wamp64\www\crud2\vendor\cakephp\cakephp\src\Http\ActionDispatcher.php(120): Cake\Controller\Controller->invokeAction()
#19 C:\wamp64\www\crud2\vendor\cakephp\cakephp\src\Http\ActionDispatcher.php(94): Cake\Http\ActionDispatcher->_invoke(Object(App\Controller\CategoriasProdutosController))
#20 C:\wamp64\www\crud2\vendor\cakephp\cakephp\src\Http\BaseApplication.php(256): Cake\Http\ActionDispatcher->dispatch(Object(Cake\Http\ServerRequest), Object(Cake\Http\Response))
#21 C:\wamp64\www\crud2\vendor\cakephp\cakephp\src\Http\Runner.php(65): Cake\Http\BaseApplication->__invoke(Object(Cake\Http\ServerRequest), Object(Cake\Http\Response), Object(Cake\Http\Runner))
#22 C:\wamp64\www\crud2\vendor\cakephp\cakephp\src\Http\Runner.php(65): Cake\Http\Runner->__invoke(Object(Cake\Http\ServerRequest), Object(Cake\Http\Response), Object(Cake\Http\Runner))
#23 C:\wamp64\www\crud2\vendor\cakephp\cakephp\src\Http\Middleware\CsrfProtectionMiddleware.php(137): Cake\Http\Runner->__invoke(Object(Cake\Http\ServerRequest), Object(Cake\Http\Response))
#24 C:\wamp64\www\crud2\vendor\cakephp\cakephp\src\Http\Runner.php(65): Cake\Http\Middleware\CsrfProtectionMiddleware->__invoke(Object(Cake\Http\ServerRequest), Object(Cake\Http\Response), Object(Cake\Http\Runner))
#25 C:\wamp64\www\crud2\vendor\cakephp\cakephp\src\Http\Runner.php(51): Cake\Http\Runner->__invoke(Object(Cake\Http\ServerRequest), Object(Cake\Http\Response))
#26 C:\wamp64\www\crud2\vendor\cakephp\cakephp\src\Routing\Middleware\RoutingMiddleware.php(170): Cake\Http\Runner->run(Object(Cake\Http\MiddlewareQueue), Object(Cake\Http\ServerRequest), Object(Cake\Http\Response))
#27 C:\wamp64\www\crud2\vendor\cakephp\cakephp\src\Http\Runner.php(65): Cake\Routing\Middleware\RoutingMiddleware->__invoke(Object(Cake\Http\ServerRequest), Object(Cake\Http\Response), Object(Cake\Http\Runner))
#28 C:\wamp64\www\crud2\vendor\cakephp\cakephp\src\Routing\Middleware\AssetMiddleware.php(88): Cake\Http\Runner->__invoke(Object(Cake\Http\ServerRequest), Object(Cake\Http\Response))
#29 C:\wamp64\www\crud2\vendor\cakephp\cakephp\src\Http\Runner.php(65): Cake\Routing\Middleware\AssetMiddleware->__invoke(Object(Cake\Http\ServerRequest), Object(Cake\Http\Response), Object(Cake\Http\Runner))
#30 C:\wamp64\www\crud2\vendor\cakephp\cakephp\src\Error\Middleware\ErrorHandlerMiddleware.php(100): Cake\Http\Runner->__invoke(Object(Cake\Http\ServerRequest), Object(Cake\Http\Response))
#31 C:\wamp64\www\crud2\vendor\cakephp\cakephp\src\Http\Runner.php(65): Cake\Error\Middleware\ErrorHandlerMiddleware->__invoke(Object(Cake\Http\ServerRequest), Object(Cake\Http\Response), Object(Cake\Http\Runner))
#32 C:\wamp64\www\crud2\vendor\cakephp\debug_kit\src\Middleware\DebugKitMiddleware.php(53): Cake\Http\Runner->__invoke(Object(Cake\Http\ServerRequest), Object(Cake\Http\Response))
#33 C:\wamp64\www\crud2\vendor\cakephp\cakephp\src\Http\Runner.php(65): DebugKit\Middleware\DebugKitMiddleware->__invoke(Object(Cake\Http\ServerRequest), Object(Cake\Http\Response), Object(Cake\Http\Runner))
#34 C:\wamp64\www\crud2\vendor\cakephp\cakephp\src\Http\Runner.php(51): Cake\Http\Runner->__invoke(Object(Cake\Http\ServerRequest), Object(Cake\Http\Response))
#35 C:\wamp64\www\crud2\vendor\cakephp\cakephp\src\Http\Server.php(97): Cake\Http\Runner->run(Object(Cake\Http\MiddlewareQueue), Object(Cake\Http\ServerRequest), Object(Cake\Http\Response))
#36 C:\wamp64\www\crud2\webroot\index.php(40): Cake\Http\Server->run()
#37 {main}
Request URL: /categorias-produtos/view/Bebida
Referer URL: http://localhost/crud2/produtos


2022-06-20 06:00:08 Warning: Warning (512): Method Cake\View\Helper\HtmlHelper::h does not exist in [C:\wamp64\www\crud2\vendor\cakephp\cakephp\src\View\Helper.php, line 116]
Request URL: /produtos
Referer URL: http://localhost/crud2/categorias-produtos
Trace:
Cake\Error\BaseErrorHandler::handleError() - CORE\src\Error\BaseErrorHandler.php, line 168
Cake\Core\BasePlugin::{closure}() - ROOT\vendor\cakephp\debug_kit\config\bootstrap.php, line 43
Cake\View\Helper::__call() - CORE\src\View\Helper.php, line 116
include - APP/Template\Produtos\index.ctp, line 40
Cake\View\View::_evaluate() - CORE\src\View\View.php, line 1435
Cake\View\View::_render() - CORE\src\View\View.php, line 1393
Cake\View\View::render() - CORE\src\View\View.php, line 892
Cake\Controller\Controller::render() - CORE\src\Controller\Controller.php, line 791
Cake\Http\ActionDispatcher::_invoke() - CORE\src\Http\ActionDispatcher.php, line 126
Cake\Http\ActionDispatcher::dispatch() - CORE\src\Http\ActionDispatcher.php, line 94
Cake\Http\BaseApplication::__invoke() - CORE\src\Http\BaseApplication.php, line 256
Cake\Http\Runner::__invoke() - CORE\src\Http\Runner.php, line 65
Cake\Http\Runner::__invoke() - CORE\src\Http\Runner.php, line 65
Cake\Http\Middleware\CsrfProtectionMiddleware::__invoke() - CORE\src\Http\Middleware\CsrfProtectionMiddleware.php, line 137
Cake\Http\Runner::__invoke() - CORE\src\Http\Runner.php, line 65
Cake\Http\Runner::run() - CORE\src\Http\Runner.php, line 51
Cake\Routing\Middleware\RoutingMiddleware::__invoke() - CORE\src\Routing\Middleware\RoutingMiddleware.php, line 170
Cake\Http\Runner::__invoke() - CORE\src\Http\Runner.php, line 65
Cake\Routing\Middleware\AssetMiddleware::__invoke() - CORE\src\Routing\Middleware\AssetMiddleware.php, line 88
Cake\Http\Runner::__invoke() - CORE\src\Http\Runner.php, line 65
Cake\Error\Middleware\ErrorHandlerMiddleware::__invoke() - CORE\src\Error\Middleware\ErrorHandlerMiddleware.php, line 100
Cake\Http\Runner::__invoke() - CORE\src\Http\Runner.php, line 65
DebugKit\Middleware\DebugKitMiddleware::__invoke() - ROOT\vendor\cakephp\debug_kit\src\Middleware\DebugKitMiddleware.php, line 53
Cake\Http\Runner::__invoke() - CORE\src\Http\Runner.php, line 65
Cake\Http\Runner::run() - CORE\src\Http\Runner.php, line 51
Cake\Http\Server::run() - CORE\src\Http\Server.php, line 97
[main] - ROOT\webroot\index.php, line 40



2022-06-20 06:00:08 Warning: Warning (512): Method Cake\View\Helper\HtmlHelper::h does not exist in [C:\wamp64\www\crud2\vendor\cakephp\cakephp\src\View\Helper.php, line 116]
Request URL: /produtos
Referer URL: http://localhost/crud2/categorias-produtos
Trace:
Cake\Error\BaseErrorHandler::handleError() - CORE\src\Error\BaseErrorHandler.php, line 168
Cake\Core\BasePlugin::{closure}() - ROOT\vendor\cakephp\debug_kit\config\bootstrap.php, line 43
Cake\View\Helper::__call() - CORE\src\View\Helper.php, line 116
include - APP/Template\Produtos\index.ctp, line 41
Cake\View\View::_evaluate() - CORE\src\View\View.php, line 1435
Cake\View\View::_render() - CORE\src\View\View.php, line 1393
Cake\View\View::render() - CORE\src\View\View.php, line 892
Cake\Controller\Controller::render() - CORE\src\Controller\Controller.php, line 791
Cake\Http\ActionDispatcher::_invoke() - CORE\src\Http\ActionDispatcher.php, line 126
Cake\Http\ActionDispatcher::dispatch() - CORE\src\Http\ActionDispatcher.php, line 94
Cake\Http\BaseApplication::__invoke() - CORE\src\Http\BaseApplication.php, line 256
Cake\Http\Runner::__invoke() - CORE\src\Http\Runner.php, line 65
Cake\Http\Runner::__invoke() - CORE\src\Http\Runner.php, line 65
Cake\Http\Middleware\CsrfProtectionMiddleware::__invoke() - CORE\src\Http\Middleware\CsrfProtectionMiddleware.php, line 137
Cake\Http\Runner::__invoke() - CORE\src\Http\Runner.php, line 65
Cake\Http\Runner::run() - CORE\src\Http\Runner.php, line 51
Cake\Routing\Middleware\RoutingMiddleware::__invoke() - CORE\src\Routing\Middleware\RoutingMiddleware.php, line 170
Cake\Http\Runner::__invoke() - CORE\src\Http\Runner.php, line 65
Cake\Routing\Middleware\AssetMiddleware::__invoke() - CORE\src\Routing\Middleware\AssetMiddleware.php, line 88
Cake\Http\Runner::__invoke() - CORE\src\Http\Runner.php, line 65
Cake\Error\Middleware\ErrorHandlerMiddleware::__invoke() - CORE\src\Error\Middleware\ErrorHandlerMiddleware.php, line 100
Cake\Http\Runner::__invoke() - CORE\src\Http\Runner.php, line 65
DebugKit\Middleware\DebugKitMiddleware::__invoke() - ROOT\vendor\cakephp\debug_kit\src\Middleware\DebugKitMiddleware.php, line 53
Cake\Http\Runner::__invoke() - CORE\src\Http\Runner.php, line 65
Cake\Http\Runner::run() - CORE\src\Http\Runner.php, line 51
Cake\Http\Server::run() - CORE\src\Http\Server.php, line 97
[main] - ROOT\webroot\index.php, line 40



2022-06-20 06:00:08 Warning: Warning (512): Method Cake\View\Helper\HtmlHelper::h does not exist in [C:\wamp64\www\crud2\vendor\cakephp\cakephp\src\View\Helper.php, line 116]
Request URL: /produtos
Referer URL: http://localhost/crud2/categorias-produtos
Trace:
Cake\Error\BaseErrorHandler::handleError() - CORE\src\Error\BaseErrorHandler.php, line 168
Cake\Core\BasePlugin::{closure}() - ROOT\vendor\cakephp\debug_kit\config\bootstrap.php, line 43
Cake\View\Helper::__call() - CORE\src\View\Helper.php, line 116
include - APP/Template\Produtos\index.ctp, line 40
Cake\View\View::_evaluate() - CORE\src\View\View.php, line 1435
Cake\View\View::_render() - CORE\src\View\View.php, line 1393
Cake\View\View::render() - CORE\src\View\View.php, line 892
Cake\Controller\Controller::render() - CORE\src\Controller\Controller.php, line 791
Cake\Http\ActionDispatcher::_invoke() - CORE\src\Http\ActionDispatcher.php, line 126
Cake\Http\ActionDispatcher::dispatch() - CORE\src\Http\ActionDispatcher.php, line 94
Cake\Http\BaseApplication::__invoke() - CORE\src\Http\BaseApplication.php, line 256
Cake\Http\Runner::__invoke() - CORE\src\Http\Runner.php, line 65
Cake\Http\Runner::__invoke() - CORE\src\Http\Runner.php, line 65
Cake\Http\Middleware\CsrfProtectionMiddleware::__invoke() - CORE\src\Http\Middleware\CsrfProtectionMiddleware.php, line 137
Cake\Http\Runner::__invoke() - CORE\src\Http\Runner.php, line 65
Cake\Http\Runner::run() - CORE\src\Http\Runner.php, line 51
Cake\Routing\Middleware\RoutingMiddleware::__invoke() - CORE\src\Routing\Middleware\RoutingMiddleware.php, line 170
Cake\Http\Runner::__invoke() - CORE\src\Http\Runner.php, line 65
Cake\Routing\Middleware\AssetMiddleware::__invoke() - CORE\src\Routing\Middleware\AssetMiddleware.php, line 88
Cake\Http\Runner::__invoke() - CORE\src\Http\Runner.php, line 65
Cake\Error\Middleware\ErrorHandlerMiddleware::__invoke() - CORE\src\Error\Middleware\ErrorHandlerMiddleware.php, line 100
Cake\Http\Runner::__invoke() - CORE\src\Http\Runner.php, line 65
DebugKit\Middleware\DebugKitMiddleware::__invoke() - ROOT\vendor\cakephp\debug_kit\src\Middleware\DebugKitMiddleware.php, line 53
Cake\Http\Runner::__invoke() - CORE\src\Http\Runner.php, line 65
Cake\Http\Runner::run() - CORE\src\Http\Runner.php, line 51
Cake\Http\Server::run() - CORE\src\Http\Server.php, line 97
[main] - ROOT\webroot\index.php, line 40



2022-06-20 06:00:08 Warning: Warning (512): Method Cake\View\Helper\HtmlHelper::h does not exist in [C:\wamp64\www\crud2\vendor\cakephp\cakephp\src\View\Helper.php, line 116]
Request URL: /produtos
Referer URL: http://localhost/crud2/categorias-produtos
Trace:
Cake\Error\BaseErrorHandler::handleError() - CORE\src\Error\BaseErrorHandler.php, line 168
Cake\Core\BasePlugin::{closure}() - ROOT\vendor\cakephp\debug_kit\config\bootstrap.php, line 43
Cake\View\Helper::__call() - CORE\src\View\Helper.php, line 116
include - APP/Template\Produtos\index.ctp, line 41
Cake\View\View::_evaluate() - CORE\src\View\View.php, line 1435
Cake\View\View::_render() - CORE\src\View\View.php, line 1393
Cake\View\View::render() - CORE\src\View\View.php, line 892
Cake\Controller\Controller::render() - CORE\src\Controller\Controller.php, line 791
Cake\Http\ActionDispatcher::_invoke() - CORE\src\Http\ActionDispatcher.php, line 126
Cake\Http\ActionDispatcher::dispatch() - CORE\src\Http\ActionDispatcher.php, line 94
Cake\Http\BaseApplication::__invoke() - CORE\src\Http\BaseApplication.php, line 256
Cake\Http\Runner::__invoke() - CORE\src\Http\Runner.php, line 65
Cake\Http\Runner::__invoke() - CORE\src\Http\Runner.php, line 65
Cake\Http\Middleware\CsrfProtectionMiddleware::__invoke() - CORE\src\Http\Middleware\CsrfProtectionMiddleware.php, line 137
Cake\Http\Runner::__invoke() - CORE\src\Http\Runner.php, line 65
Cake\Http\Runner::run() - CORE\src\Http\Runner.php, line 51
Cake\Routing\Middleware\RoutingMiddleware::__invoke() - CORE\src\Routing\Middleware\RoutingMiddleware.php, line 170
Cake\Http\Runner::__invoke() - CORE\src\Http\Runner.php, line 65
Cake\Routing\Middleware\AssetMiddleware::__invoke() - CORE\src\Routing\Middleware\AssetMiddleware.php, line 88
Cake\Http\Runner::__invoke() - CORE\src\Http\Runner.php, line 65
Cake\Error\Middleware\ErrorHandlerMiddleware::__invoke() - CORE\src\Error\Middleware\ErrorHandlerMiddleware.php, line 100
Cake\Http\Runner::__invoke() - CORE\src\Http\Runner.php, line 65
DebugKit\Middleware\DebugKitMiddleware::__invoke() - ROOT\vendor\cakephp\debug_kit\src\Middleware\DebugKitMiddleware.php, line 53
Cake\Http\Runner::__invoke() - CORE\src\Http\Runner.php, line 65
Cake\Http\Runner::run() - CORE\src\Http\Runner.php, line 51
Cake\Http\Server::run() - CORE\src\Http\Server.php, line 97
[main] - ROOT\webroot\index.php, line 40



2022-06-20 06:00:08 Warning: Warning (512): Method Cake\View\Helper\HtmlHelper::h does not exist in [C:\wamp64\www\crud2\vendor\cakephp\cakephp\src\View\Helper.php, line 116]
Request URL: /produtos
Referer URL: http://localhost/crud2/categorias-produtos
Trace:
Cake\Error\BaseErrorHandler::handleError() - CORE\src\Error\BaseErrorHandler.php, line 168
Cake\Core\BasePlugin::{closure}() - ROOT\vendor\cakephp\debug_kit\config\bootstrap.php, line 43
Cake\View\Helper::__call() - CORE\src\View\Helper.php, line 116
include - APP/Template\Produtos\index.ctp, line 40
Cake\View\View::_evaluate() - CORE\src\View\View.php, line 1435
Cake\View\View::_render() - CORE\src\View\View.php, line 1393
Cake\View\View::render() - CORE\src\View\View.php, line 892
Cake\Controller\Controller::render() - CORE\src\Controller\Controller.php, line 791
Cake\Http\ActionDispatcher::_invoke() - CORE\src\Http\ActionDispatcher.php, line 126
Cake\Http\ActionDispatcher::dispatch() - CORE\src\Http\ActionDispatcher.php, line 94
Cake\Http\BaseApplication::__invoke() - CORE\src\Http\BaseApplication.php, line 256
Cake\Http\Runner::__invoke() - CORE\src\Http\Runner.php, line 65
Cake\Http\Runner::__invoke() - CORE\src\Http\Runner.php, line 65
Cake\Http\Middleware\CsrfProtectionMiddleware::__invoke() - CORE\src\Http\Middleware\CsrfProtectionMiddleware.php, line 137
Cake\Http\Runner::__invoke() - CORE\src\Http\Runner.php, line 65
Cake\Http\Runner::run() - CORE\src\Http\Runner.php, line 51
Cake\Routing\Middleware\RoutingMiddleware::__invoke() - CORE\src\Routing\Middleware\RoutingMiddleware.php, line 170
Cake\Http\Runner::__invoke() - CORE\src\Http\Runner.php, line 65
Cake\Routing\Middleware\AssetMiddleware::__invoke() - CORE\src\Routing\Middleware\AssetMiddleware.php, line 88
Cake\Http\Runner::__invoke() - CORE\src\Http\Runner.php, line 65
Cake\Error\Middleware\ErrorHandlerMiddleware::__invoke() - CORE\src\Error\Middleware\ErrorHandlerMiddleware.php, line 100
Cake\Http\Runner::__invoke() - CORE\src\Http\Runner.php, line 65
DebugKit\Middleware\DebugKitMiddleware::__invoke() - ROOT\vendor\cakephp\debug_kit\src\Middleware\DebugKitMiddleware.php, line 53
Cake\Http\Runner::__invoke() - CORE\src\Http\Runner.php, line 65
Cake\Http\Runner::run() - CORE\src\Http\Runner.php, line 51
Cake\Http\Server::run() - CORE\src\Http\Server.php, line 97
[main] - ROOT\webroot\index.php, line 40



2022-06-20 06:00:08 Warning: Warning (512): Method Cake\View\Helper\HtmlHelper::h does not exist in [C:\wamp64\www\crud2\vendor\cakephp\cakephp\src\View\Helper.php, line 116]
Request URL: /produtos
Referer URL: http://localhost/crud2/categorias-produtos
Trace:
Cake\Error\BaseErrorHandler::handleError() - CORE\src\Error\BaseErrorHandler.php, line 168
Cake\Core\BasePlugin::{closure}() - ROOT\vendor\cakephp\debug_kit\config\bootstrap.php, line 43
Cake\View\Helper::__call() - CORE\src\View\Helper.php, line 116
include - APP/Template\Produtos\index.ctp, line 41
Cake\View\View::_evaluate() - CORE\src\View\View.php, line 1435
Cake\View\View::_render() - CORE\src\View\View.php, line 1393
Cake\View\View::render() - CORE\src\View\View.php, line 892
Cake\Controller\Controller::render() - CORE\src\Controller\Controller.php, line 791
Cake\Http\ActionDispatcher::_invoke() - CORE\src\Http\ActionDispatcher.php, line 126
Cake\Http\ActionDispatcher::dispatch() - CORE\src\Http\ActionDispatcher.php, line 94
Cake\Http\BaseApplication::__invoke() - CORE\src\Http\BaseApplication.php, line 256
Cake\Http\Runner::__invoke() - CORE\src\Http\Runner.php, line 65
Cake\Http\Runner::__invoke() - CORE\src\Http\Runner.php, line 65
Cake\Http\Middleware\CsrfProtectionMiddleware::__invoke() - CORE\src\Http\Middleware\CsrfProtectionMiddleware.php, line 137
Cake\Http\Runner::__invoke() - CORE\src\Http\Runner.php, line 65
Cake\Http\Runner::run() - CORE\src\Http\Runner.php, line 51
Cake\Routing\Middleware\RoutingMiddleware::__invoke() - CORE\src\Routing\Middleware\RoutingMiddleware.php, line 170
Cake\Http\Runner::__invoke() - CORE\src\Http\Runner.php, line 65
Cake\Routing\Middleware\AssetMiddleware::__invoke() - CORE\src\Routing\Middleware\AssetMiddleware.php, line 88
Cake\Http\Runner::__invoke() - CORE\src\Http\Runner.php, line 65
Cake\Error\Middleware\ErrorHandlerMiddleware::__invoke() - CORE\src\Error\Middleware\ErrorHandlerMiddleware.php, line 100
Cake\Http\Runner::__invoke() - CORE\src\Http\Runner.php, line 65
DebugKit\Middleware\DebugKitMiddleware::__invoke() - ROOT\vendor\cakephp\debug_kit\src\Middleware\DebugKitMiddleware.php, line 53
Cake\Http\Runner::__invoke() - CORE\src\Http\Runner.php, line 65
Cake\Http\Runner::run() - CORE\src\Http\Runner.php, line 51
Cake\Http\Server::run() - CORE\src\Http\Server.php, line 97
[main] - ROOT\webroot\index.php, line 40



